<?xml version="1.0" encoding="UTF-8"?><testsuite name="nosetests" tests="67" errors="0" failures="0" skip="0"><testcase classname="author.tests.CoreTests" name="test_author_editing" time="0.405"></testcase><testcase classname="author.tests.CoreTests" name="test_author_production" time="0.234"></testcase><testcase classname="author.tests.CoreTests" name="test_author_review_review_round" time="0.214"></testcase><testcase classname="author.tests.CoreTests" name="test_dashboard" time="0.102"></testcase><testcase classname="author.tests.CoreTests" name="test_submission" time="0.094"></testcase><testcase classname="author.tests.CoreTests" name="test_submission_status" time="0.087"></testcase><testcase classname="author.tests.CoreTests" name="test_submission_tasks" time="0.220"></testcase><testcase classname="core.tests.CoreTests" name="test_ajax_email_calls" time="0.080"></testcase><testcase classname="core.tests.CoreTests" name="test_author_access" time="0.122"></testcase><testcase classname="core.tests.CoreTests" name="test_author_model" time="0.030"></testcase><testcase classname="core.tests.CoreTests" name="test_author_redirect" time="0.129"></testcase><testcase classname="core.tests.CoreTests" name="test_book_model" time="0.040"></testcase><testcase classname="core.tests.CoreTests" name="test_cc_licenses_fixture" time="0.032"></testcase><testcase classname="core.tests.CoreTests" name="test_editor_access" time="0.107"></testcase><testcase classname="core.tests.CoreTests" name="test_editor_redirect" time="0.111"></testcase><testcase classname="core.tests.CoreTests" name="test_email" time="0.602"><system-out><![CDATA[sS
sS
]]></system-out></testcase><testcase classname="core.tests.CoreTests" name="test_index" time="0.030"></testcase><testcase classname="core.tests.CoreTests" name="test_langs_fixture" time="0.101"></testcase><testcase classname="core.tests.CoreTests" name="test_logout" time="0.032"></testcase><testcase classname="core.tests.CoreTests" name="test_not_author_access" time="0.105"></testcase><testcase classname="core.tests.CoreTests" name="test_not_editor_access" time="0.097"></testcase><testcase classname="core.tests.CoreTests" name="test_not_onetasker_access" time="0.100"></testcase><testcase classname="core.tests.CoreTests" name="test_not_reviewer_access" time="0.099"></testcase><testcase classname="core.tests.CoreTests" name="test_onetasker_access" time="0.119"></testcase><testcase classname="core.tests.CoreTests" name="test_onetasker_redirect" time="0.127"></testcase><testcase classname="core.tests.CoreTests" name="test_register" time="0.057"></testcase><testcase classname="core.tests.CoreTests" name="test_register_login" time="0.075"></testcase><testcase classname="core.tests.CoreTests" name="test_reset_password" time="0.054"></testcase><testcase classname="core.tests.CoreTests" name="test_reviewer_access" time="0.111"></testcase><testcase classname="core.tests.CoreTests" name="test_reviewer_redirect" time="0.163"></testcase><testcase classname="core.tests.CoreTests" name="test_roles_fixture" time="0.058"></testcase><testcase classname="core.tests.CoreTests" name="test_set_up" time="0.035"></testcase><testcase classname="core.tests.CoreTests" name="test_setting_groups_fixture" time="0.041"></testcase><testcase classname="core.tests.CoreTests" name="test_settings_fixture" time="0.091"></testcase><testcase classname="core.tests.CoreTests" name="test_update_profile" time="0.048"></testcase><testcase classname="core.tests.CoreTests" name="test_user_roles" time="0.063"></testcase><testcase classname="core.tests.CoreTests" name="test_view_profile" time="0.089"></testcase><testcase classname="editor.tests.EditorTests" name="test_editor_dashboard" time="0.155"></testcase><testcase classname="editor.tests.EditorTests" name="test_editor_dashboard_filter" time="0.090"></testcase><testcase classname="manager.tests.CoreTests" name="test_clear_cache" time="0.098"></testcase><testcase classname="manager.tests.CoreTests" name="test_manager_access_not_staff" time="1.297"></testcase><testcase classname="manager.tests.CoreTests" name="test_manager_access_staff" time="0.093"></testcase><testcase classname="manager.tests.CoreTests" name="test_manager_groups" time="0.207"></testcase><testcase classname="manager.tests.CoreTests" name="test_manager_proposal_forms" time="0.242"><system-out><![CDATA[Finish
]]></system-out></testcase><testcase classname="manager.tests.CoreTests" name="test_manager_review_forms" time="0.237"></testcase><testcase classname="manager.tests.CoreTests" name="test_manager_roles" time="1.598"></testcase><testcase classname="manager.tests.CoreTests" name="test_manager_settings" time="2.266"><system-out><![CDATA[char abp
text localhost:8000
boolean on
text Falkirk
rich_text <p>The Editor has requested that you approve some copyediting.</p>
rich_text Hello Mr. Copyeditor. Please undertake this copyedit. You can download the files below and please upload the completed ones. If you have feedback for the Editor/Author fill in the notes box and this will be presented to both.<p></p>
rich_text <p>This is a description block where information about this press can be entered. This text block should be replace with text pulled from a database setting at some point, though for now I don't really need it to.</p>
<p>This press has some specialities like publishing Alien Autopsy reports and April Fools reviews</p><p>BOOYA!</p>
rich_text <p>Footer</p>
rich_text <p>Please do some great indexing. Lots of love, Andy.</p>
char The Press!
number 1
rich_text If you have any suggestions about who could review this book, please add them here. Please ensure you include a current, active, email address.
rich_text <p>You must agree to the below terms in order to submit your book to this press.</p>
rich_text <h4>SUBMISSION PREPARATION CHECKLIST</h4><p>As part of the submission process, authors are required to check off their submission's compliance with all of the following items, and submissions may be returned to authors that do not adhere to these guidelines.</p><ul><li>The submission has not been previously published, nor is it before another press for consideration (or an explanation has been provided in Comments to the Editor).</li><li><span style="line-height: 1.42857;">The submission file is in the Microsoft Word, RTF, OpenDocument, or WordPerfect file format.</span></li><li><span style="line-height: 1.42857;">Where available, URLs for the references have been provided.</span></li><li><span style="line-height: 1.42857;">The text is single-spaced; uses a 12-point font; employs italics, rather than underlining (except with URL addresses); and all illustrations, figures, and tables are placed within the text at the appropriate points, rather than at the end.</span></li><li><span style="line-height: 1.42857;">The text adheres to the stylistic and bibliographic requirements outlined in the Author Guidelines, which is found in About the Press.</span></li></ul><h4>PRIVACY STATEMENT</h4><p>The names and email addresses entered in this press site will be used exclusively for the stated purposes of this press and will not be made available for any other purpose or to any other party.</p>
rich_text <p>DO SOMETHING! JUST. DO IT!<p>
rich_text <p>Here are some instructions</p>
rich_text Dear {{review.user.profile.salutation}} {{review.user.last_name}},
<br><br>This is a gentle reminder that you agreed to review a book for us called {{book.title}}. This review is due to be completed by {{review.due|date:"c"}}. If you are unable to undertake this review, please let us know.
<br><br>Regards,<br>{% if sender %}{{ sender.profile.signature|safe }}{% endif %}<br>
rich_text <p>Dear {{ submission.owner.first_name }} {{ submission.owner.last_name }},
<br><br>The copyeditor has completed their work. You can login and review the copyedits now.
<br></p><p>Regards,<br>{% if sender %}{{ sender.profile.signature|safe }}{% endif %}<br></p>
rich_text <p>Dear {{ submission.owner.first_name }} {{ submission.owner.last_name }},
<br><br>Your submission has been received. An Editor will be in touch soon with the next steps.<br><br><span style="line-height: 1.42857;">Regards,&nbsp;</span></p><p>{{press.general.name}}</p>
rich_text Dear {{ submission.owner.first_name }} {{ submission.owner.last_name }},<br><br>The typesetter has completed their work. You can login and review the typeset files now.<br><br>Regards,<br><br>{% if sender %}{{ sender.profile.signature }}{% endif %}
rich_text Dear {{submission.owner.first_name}} {{submission.owner.last_name}},
<br><br>A contract has been uploaded by the Editor for you to review. Please login using the link below to review and sign off the contract.

{{base_url}}/user/submission/{{submission.id}}

<br><br>Regards<br>{% if sender %}{{ sender.profile.signature|safe }}{% endif %}<br>
rich_text Dear {% if copyedit.copyeditor.profile.salutation %}{{copyedit.copyeditor.profile.salutation}}{% else %}{{copyedit.copyeditor.first_name}}{% endif %} {{copyedit.copyeditor.last_name}},
<br><br>This is a request that you undertake copyediting on {{submission.title}}. Please login to the BMS, you will be directed to undertake your copyedit from the user dashboard.
<br><br>Your username is: {{copyedit.copyeditor.username}}
<br><br>Copyedits are requested to be completed by: {{copyedit.due}}.
<br><br>Regards<br>{% if sender %}{{ sender.profile.signature|safe }}{% endif %}<br>
rich_text <p><span style="line-height: 1.42857;">A new submission has been uploaded.

View the submission: http://{{base_url}}/workflow/new/{{submission.id}}
<br></span></p><p><span style="line-height: 1.42857;">Regards,
<br><br>RUA Bot</span><br></p>
rich_text Dear {{ review.user.first_name }} {{ review.user.last_name }},
<br><br>__YOUR_MESSAGE_HERE__

Please log into the press web site to indicate whether you will undertake the review or not, as well as to access the submission and to record your review and recommendation.
<br><br>The review itself is due {{ review.due }}.

Review URL: {{ review_url }}
<br><br>Thank you for considering this request.
<br><br>Sincerely,
Press Team

rich_text main@localhost.com
rich_text Dear {% if index.indexer.profile.salutation %}{{index.indexer.profile.salutation}}{% else %}{{index.indexer.first_name}}{% endif %} {{index.indexer.last_name}},
<br><br>This is a request that you undertake copyediting on {{submission.title}}. Please login to the BMS, you will be directed to undertake your copyedit from the user dashboard.<br><br>Your username is: {{index.indexer.username}}<br><br>Copyedits are requested to be completed by: {{index.due}}.
<br><br>Regards
rich_text <p>Dear {{review.user.profile.salutation}} {{review.user.last_name}},</p><p><br></p><p>This is a gentle reminder that you agreed to review a book for us called {{book.title}}. </p><p>This review is overdue, we requested that the review be completed by {{review.due|date:"c"}}. </p><p>If you are unable to undertake this review, please let us know.
</p><p><br></p><p>
Regards,</p>
rich_text <p>GO AWAY!</p><p>{% if sender %}{{ sender.profile.signature|safe }}{% endif %}<br></p>
rich_text dsfff
rich_text <p>Dear someone,
</p><p>
Something something,
</p><p>
Regards,
</p><p>
{{ sender.profile.signature }}</p>
rich_text Test
rich_text <p>Dear {{ revision.book.owner.first_name }} {{ revision.book.owner.last_name }},
</p><p>
We think you should undertake some revisions to this article before it moves forward.
</p><p>
You can submit revisions here: {{ revision_url }}
</p><p>
Regards,

</p>
rich_text <p>Dear {{ review.user.first_name }} {{ review.user.last_name }},
</p><p>
__YOUR_MESSAGE_HERE__

Please log into the press web site to indicate whether you will undertake the review or not, as well as to access the submission and to record your review and recommendation.

The review itself is due {{ review.due }}.</p><p>

The Author has requested that this review be {{book.get_review_type_display}}.
</p><p>
Please notify us if you intend to undertake the review by clicking this link: {{ decision_url }}
</p><p>
Thank you for considering this request.
</p><p>
Sincerely,</p><p>
Press Team</p><p>{% if sender %}{{ sender.profile.signature|safe }}{% endif %}<br></p><p>
</p>
rich_text <p>Dear {{review.user.profile.salutation}} {{review.user.last_name}},
</p><p>
This is a gentle reminder that we requested you submit revisions for your book, {{book.title}}. </p><p>This revisions were due to be completed by {{review.due}}
</p><p>
Regards,</p>
rich_text <p>Dear {% if typeset.typesetter.profile.salutation %}{{typeset.typesetter.profile.salutation}}{% else %}{{typeset.typesetter.first_name}}{% endif %} {{typeset.typesetter.last_name}},
</p><p>
This is a request that you undertake copyediting on {{submission.title}}. </p><p>Please login to the BMS, you will be directed to undertake your copyedit from the user dashboard.

Your username is: {{typeset.typesetter.username}}

Copyedits are requested to be completed by: {{typeset.due}}.
</p><p>
Regards,</p><p>{% if sender %}{{ sender.profile.signature|safe }}{% endif %}<br></p>
rich_text <p>Dear {{typeset.typesetter.profile.full_name}},
</p><p>
DO SOME TYPESETTING PLEASE!
</p><p>
Regards,</p>
rich_text <p>Dear {{review.user.profile.salutation}} {{review.user.last_name}},
</p><p>
This is a gentle reminder that we requested you review a book for us called {{book.title}}. </p><p>This review is due to be completed by {{review.due:date"c"}}. </p><p>If you are unable to undertake this review, please let us know.
</p><p>
Regards,</p>
file afea9c80-b081-42e9-99bd-a4b710e6aafc..png
file 0791a2db-c180-4fe5-a951-dc002ae08fd6..ico
number 7
number 5
number 14
number 14
number 7
number 8
]]></system-out></testcase><testcase classname="manager.tests.CoreTests" name="test_manager_submission_checklist" time="0.247"></testcase><testcase classname="manager.tests.CoreTests" name="test_manager_users" time="0.142"></testcase><testcase classname="manager.tests.CoreTests" name="test_set_up" time="0.035"></testcase><testcase classname="onetasker.tests.CoreTests" name="test_not_onetasker_access" time="0.137"></testcase><testcase classname="onetasker.tests.CoreTests" name="test_onetasker_access" time="0.135"></testcase><testcase classname="onetasker.tests.CoreTests" name="test_onetasker_dashboard" time="0.198"></testcase><testcase classname="onetasker.tests.CoreTests" name="test_onetasker_tasks" time="0.673"></testcase><testcase classname="onetasker.tests.CoreTests" name="test_set_up" time="0.034"></testcase><testcase classname="review.tests.CoreTests" name="test_access_key" time="0.178"></testcase><testcase classname="review.tests.CoreTests" name="test_not_reviewer_access" time="0.101"></testcase><testcase classname="review.tests.CoreTests" name="test_reviewer_access" time="0.080"></testcase><testcase classname="review.tests.CoreTests" name="test_reviewer_assignment" time="0.141"></testcase><testcase classname="review.tests.CoreTests" name="test_reviewer_dashboard" time="0.250"></testcase><testcase classname="review.tests.CoreTests" name="test_reviewer_decision" time="0.099"></testcase><testcase classname="review.tests.CoreTests" name="test_reviewer_decision_accept" time="0.046"></testcase><testcase classname="review.tests.CoreTests" name="test_reviewer_decision_decline" time="0.044"></testcase><testcase classname="review.tests.CoreTests" name="test_set_up" time="0.031"></testcase><testcase classname="submission.tests.CoreTests" name="test_set_up" time="0.030"></testcase><testcase classname="submission.tests.CoreTests" name="test_submission_book" time="0.445"></testcase><testcase classname="submission.tests.CoreTests" name="test_submission_proposal" time="0.193"></testcase></testsuite>